<?xml version="1.0" encoding="UTF-8"?>
<coverage generated="1751152638218" clover="3.2.0">
  <project timestamp="1751152638218" name="All files">
    <metrics statements="19" coveredstatements="16" conditionals="6" coveredconditionals="5" methods="6" coveredmethods="4" elements="31" coveredelements="25" complexity="0" loc="19" ncloc="19" packages="1" files="1" classes="1"/>
    <file name="index.js" path="C:\Users\USUARIO\Desktop\practica 3\ci-cd-pipeline-SergioTacuri\proyecto\src\index.js">
      <metrics statements="19" coveredstatements="16" conditionals="6" coveredconditionals="5" methods="6" coveredmethods="4"/>
      <line num="1" count="2" type="stmt"/>
      <line num="2" count="2" type="stmt"/>
      <line num="3" count="2" type="cond" truecount="2" falsecount="0"/>
      <line num="5" count="2" type="stmt"/>
      <line num="7" count="6" type="stmt"/>
      <line num="9" count="2" type="stmt"/>
      <line num="10" count="1" type="stmt"/>
      <line num="13" count="2" type="stmt"/>
      <line num="14" count="1" type="stmt"/>
      <line num="15" count="1" type="cond" truecount="3" falsecount="1"/>
      <line num="16" count="1" type="stmt"/>
      <line num="19" count="2" type="stmt"/>
      <line num="20" count="0" type="stmt"/>
      <line num="23" count="2" type="stmt"/>
      <line num="24" count="0" type="stmt"/>
      <line num="25" count="0" type="stmt"/>
      <line num="28" count="2" type="stmt"/>
      <line num="29" count="1" type="stmt"/>
      <line num="32" count="2" type="stmt"/>
    </file>
  </project>
</coverage>
