TN:
SF:proyecto\src\index.js
FN:7,(anonymous_0)
FN:9,(anonymous_1)
FN:13,(anonymous_2)
FN:19,(anonymous_3)
FN:23,(anonymous_4)
FN:28,(anonymous_5)
FNF:6
FNH:4
FNDA:6,(anonymous_0)
FNDA:1,(anonymous_1)
FNDA:1,(anonymous_2)
FNDA:0,(anonymous_3)
FNDA:0,(anonymous_4)
FNDA:1,(anonymous_5)
DA:1,2
DA:2,2
DA:3,2
DA:5,2
DA:7,6
DA:9,2
DA:10,1
DA:13,2
DA:14,1
DA:15,1
DA:16,1
DA:19,2
DA:20,0
DA:23,2
DA:24,0
DA:25,0
DA:28,2
DA:29,1
DA:32,2
LF:19
LH:16
BRDA:3,0,0,2
BRDA:3,0,1,2
BRDA:15,1,0,0
BRDA:15,1,1,1
BRDA:15,2,0,1
BRDA:15,2,1,1
BRF:6
BRH:5
end_of_record
